{"C:\\Users\\jolu\\Desktop\\Projects\\Blogging-api\\app.js": {"path":"C:\\Users\\jolu\\Desktop\\Projects\\Blogging-api\\app.js","statementMap":{"0":{"start":{"line":1,"column":16},"end":{"line":1,"column":34}},"1":{"start":{"line":2,"column":19},"end":{"line":2,"column":41}},"2":{"start":{"line":4,"column":13},"end":{"line":4,"column":43}},"3":{"start":{"line":7,"column":0},"end":{"line":7,"column":33}},"4":{"start":{"line":9,"column":19},"end":{"line":9,"column":49}},"5":{"start":{"line":10,"column":19},"end":{"line":10,"column":49}},"6":{"start":{"line":12,"column":12},"end":{"line":12,"column":21}},"7":{"start":{"line":15,"column":0},"end":{"line":15,"column":52}},"8":{"start":{"line":18,"column":0},"end":{"line":18,"column":36}},"9":{"start":{"line":19,"column":0},"end":{"line":19,"column":36}},"10":{"start":{"line":22,"column":0},"end":{"line":27,"column":3}},"11":{"start":{"line":23,"column":2},"end":{"line":26,"column":5}},"12":{"start":{"line":30,"column":0},"end":{"line":32,"column":3}},"13":{"start":{"line":31,"column":2},"end":{"line":31,"column":62}},"14":{"start":{"line":35,"column":0},"end":{"line":39,"column":3}},"15":{"start":{"line":36,"column":2},"end":{"line":36,"column":19}},"16":{"start":{"line":37,"column":2},"end":{"line":37,"column":32}},"17":{"start":{"line":38,"column":2},"end":{"line":38,"column":35}},"18":{"start":{"line":41,"column":0},"end":{"line":41,"column":21}}},"fnMap":{"0":{"name":"(anonymous_0)","decl":{"start":{"line":22,"column":13},"end":{"line":22,"column":14}},"loc":{"start":{"line":22,"column":27},"end":{"line":27,"column":1}},"line":22},"1":{"name":"(anonymous_1)","decl":{"start":{"line":30,"column":13},"end":{"line":30,"column":14}},"loc":{"start":{"line":30,"column":27},"end":{"line":32,"column":1}},"line":30},"2":{"name":"(anonymous_2)","decl":{"start":{"line":35,"column":8},"end":{"line":35,"column":9}},"loc":{"start":{"line":35,"column":39},"end":{"line":39,"column":1}},"line":35}},"branchMap":{"0":{"loc":{"start":{"line":37,"column":13},"end":{"line":37,"column":30}},"type":"binary-expr","locations":[{"start":{"line":37,"column":13},"end":{"line":37,"column":23}},{"start":{"line":37,"column":27},"end":{"line":37,"column":30}}],"line":37}},"s":{"0":1,"1":1,"2":1,"3":1,"4":1,"5":1,"6":1,"7":1,"8":1,"9":1,"10":1,"11":0,"12":1,"13":0,"14":1,"15":0,"16":0,"17":0,"18":1},"f":{"0":0,"1":0,"2":0},"b":{"0":[0,0]},"_coverageSchema":"1a1c01bbd47fc00a2c39e90264f33305004495a9","hash":"89d8585a78995d4c14a7364a91080306d8212a1b"}
,"C:\\Users\\jolu\\Desktop\\Projects\\Blogging-api\\Test\\database.js": {"path":"C:\\Users\\jolu\\Desktop\\Projects\\Blogging-api\\Test\\database.js","statementMap":{"0":{"start":{"line":1,"column":17},"end":{"line":1,"column":36}},"1":{"start":{"line":2,"column":30},"end":{"line":2,"column":62}},"2":{"start":{"line":4,"column":0},"end":{"line":4,"column":34}},"3":{"start":{"line":8,"column":4},"end":{"line":8,"column":50}},"4":{"start":{"line":9,"column":4},"end":{"line":9,"column":27}},"5":{"start":{"line":13,"column":4},"end":{"line":13,"column":56}},"6":{"start":{"line":14,"column":21},"end":{"line":14,"column":46}},"7":{"start":{"line":16,"column":4},"end":{"line":19,"column":7}},"8":{"start":{"line":23,"column":4},"end":{"line":23,"column":32}},"9":{"start":{"line":24,"column":4},"end":{"line":24,"column":34}},"10":{"start":{"line":28,"column":19},"end":{"line":28,"column":54}},"11":{"start":{"line":29,"column":21},"end":{"line":29,"column":23}},"12":{"start":{"line":31,"column":4},"end":{"line":33,"column":7}},"13":{"start":{"line":32,"column":6},"end":{"line":32,"column":66}},"14":{"start":{"line":35,"column":4},"end":{"line":35,"column":32}},"15":{"start":{"line":45,"column":0},"end":{"line":49,"column":2}},"16":{"start":{"line":46,"column":15},"end":{"line":46,"column":31}},"17":{"start":{"line":47,"column":2},"end":{"line":47,"column":23}},"18":{"start":{"line":48,"column":2},"end":{"line":48,"column":14}}},"fnMap":{"0":{"name":"(anonymous_0)","decl":{"start":{"line":7,"column":2},"end":{"line":7,"column":3}},"loc":{"start":{"line":7,"column":16},"end":{"line":10,"column":3}},"line":7},"1":{"name":"(anonymous_1)","decl":{"start":{"line":12,"column":2},"end":{"line":12,"column":3}},"loc":{"start":{"line":12,"column":18},"end":{"line":20,"column":3}},"line":12},"2":{"name":"(anonymous_2)","decl":{"start":{"line":22,"column":2},"end":{"line":22,"column":3}},"loc":{"start":{"line":22,"column":21},"end":{"line":25,"column":3}},"line":22},"3":{"name":"(anonymous_3)","decl":{"start":{"line":27,"column":2},"end":{"line":27,"column":3}},"loc":{"start":{"line":27,"column":18},"end":{"line":36,"column":3}},"line":27},"4":{"name":"(anonymous_4)","decl":{"start":{"line":31,"column":15},"end":{"line":31,"column":16}},"loc":{"start":{"line":31,"column":26},"end":{"line":33,"column":5}},"line":31},"5":{"name":"(anonymous_5)","decl":{"start":{"line":45,"column":18},"end":{"line":45,"column":19}},"loc":{"start":{"line":45,"column":30},"end":{"line":49,"column":1}},"line":45}},"branchMap":{},"s":{"0":1,"1":1,"2":1,"3":1,"4":1,"5":1,"6":0,"7":0,"8":0,"9":0,"10":0,"11":0,"12":0,"13":0,"14":0,"15":1,"16":1,"17":1,"18":0},"f":{"0":1,"1":1,"2":0,"3":0,"4":0,"5":1},"b":{},"_coverageSchema":"1a1c01bbd47fc00a2c39e90264f33305004495a9","hash":"0ebb6d4c3c631e20b76d30e923d9e07be1594845"}
,"C:\\Users\\jolu\\Desktop\\Projects\\Blogging-api\\authentication\\auth.js": {"path":"C:\\Users\\jolu\\Desktop\\Projects\\Blogging-api\\authentication\\auth.js","statementMap":{"0":{"start":{"line":1,"column":17},"end":{"line":1,"column":36}},"1":{"start":{"line":2,"column":22},"end":{"line":2,"column":56}},"2":{"start":{"line":3,"column":13},"end":{"line":3,"column":44}},"3":{"start":{"line":5,"column":0},"end":{"line":5,"column":27}},"4":{"start":{"line":8,"column":20},"end":{"line":8,"column":52}},"5":{"start":{"line":9,"column":19},"end":{"line":9,"column":53}},"6":{"start":{"line":11,"column":0},"end":{"line":25,"column":2}},"7":{"start":{"line":18,"column":6},"end":{"line":22,"column":7}},"8":{"start":{"line":19,"column":8},"end":{"line":19,"column":38}},"9":{"start":{"line":21,"column":8},"end":{"line":21,"column":20}},"10":{"start":{"line":28,"column":0},"end":{"line":51,"column":4}},"11":{"start":{"line":37,"column":8},"end":{"line":48,"column":9}},"12":{"start":{"line":38,"column":23},"end":{"line":43,"column":10}},"13":{"start":{"line":45,"column":10},"end":{"line":45,"column":34}},"14":{"start":{"line":47,"column":10},"end":{"line":47,"column":22}},"15":{"start":{"line":55,"column":0},"end":{"line":83,"column":4}},"16":{"start":{"line":64,"column":8},"end":{"line":80,"column":9}},"17":{"start":{"line":65,"column":23},"end":{"line":65,"column":52}},"18":{"start":{"line":67,"column":10},"end":{"line":69,"column":11}},"19":{"start":{"line":68,"column":12},"end":{"line":68,"column":68}},"20":{"start":{"line":71,"column":27},"end":{"line":71,"column":63}},"21":{"start":{"line":73,"column":10},"end":{"line":75,"column":11}},"22":{"start":{"line":74,"column":12},"end":{"line":74,"column":68}},"23":{"start":{"line":77,"column":10},"end":{"line":77,"column":73}},"24":{"start":{"line":79,"column":10},"end":{"line":79,"column":29}}},"fnMap":{"0":{"name":"(anonymous_0)","decl":{"start":{"line":17,"column":4},"end":{"line":17,"column":5}},"loc":{"start":{"line":17,"column":27},"end":{"line":23,"column":5}},"line":17},"1":{"name":"(anonymous_1)","decl":{"start":{"line":36,"column":6},"end":{"line":36,"column":7}},"loc":{"start":{"line":36,"column":44},"end":{"line":49,"column":7}},"line":36},"2":{"name":"(anonymous_2)","decl":{"start":{"line":63,"column":6},"end":{"line":63,"column":7}},"loc":{"start":{"line":63,"column":44},"end":{"line":81,"column":7}},"line":63}},"branchMap":{"0":{"loc":{"start":{"line":67,"column":10},"end":{"line":69,"column":11}},"type":"if","locations":[{"start":{"line":67,"column":10},"end":{"line":69,"column":11}},{"start":{},"end":{}}],"line":67},"1":{"loc":{"start":{"line":73,"column":10},"end":{"line":75,"column":11}},"type":"if","locations":[{"start":{"line":73,"column":10},"end":{"line":75,"column":11}},{"start":{},"end":{}}],"line":73}},"s":{"0":1,"1":1,"2":1,"3":1,"4":1,"5":1,"6":1,"7":0,"8":0,"9":0,"10":1,"11":0,"12":0,"13":0,"14":0,"15":1,"16":0,"17":0,"18":0,"19":0,"20":0,"21":0,"22":0,"23":0,"24":0},"f":{"0":0,"1":0,"2":0},"b":{"0":[0,0],"1":[0,0]},"_coverageSchema":"1a1c01bbd47fc00a2c39e90264f33305004495a9","hash":"586c6b442b9d3b33d12c52e15a71d5f85dcd0bcf"}
,"C:\\Users\\jolu\\Desktop\\Projects\\Blogging-api\\controllers\\auth.controller.js": {"path":"C:\\Users\\jolu\\Desktop\\Projects\\Blogging-api\\controllers\\auth.controller.js","statementMap":{"0":{"start":{"line":1,"column":12},"end":{"line":1,"column":35}},"1":{"start":{"line":2,"column":13},"end":{"line":2,"column":44}},"2":{"start":{"line":4,"column":0},"end":{"line":4,"column":27}},"3":{"start":{"line":8,"column":15},"end":{"line":19,"column":1}},"4":{"start":{"line":9,"column":23},"end":{"line":9,"column":55}},"5":{"start":{"line":10,"column":2},"end":{"line":14,"column":3}},"6":{"start":{"line":11,"column":4},"end":{"line":13,"column":7}},"7":{"start":{"line":15,"column":2},"end":{"line":18,"column":5}},"8":{"start":{"line":22,"column":14},"end":{"line":46,"column":1}},"9":{"start":{"line":23,"column":2},"end":{"line":45,"column":21}},"10":{"start":{"line":24,"column":4},"end":{"line":44,"column":5}},"11":{"start":{"line":25,"column":6},"end":{"line":29,"column":7}},"12":{"start":{"line":26,"column":22},"end":{"line":26,"column":53}},"13":{"start":{"line":28,"column":8},"end":{"line":28,"column":27}},"14":{"start":{"line":31,"column":6},"end":{"line":41,"column":9}},"15":{"start":{"line":32,"column":8},"end":{"line":33,"column":27}},"16":{"start":{"line":33,"column":8},"end":{"line":33,"column":27}},"17":{"start":{"line":35,"column":21},"end":{"line":35,"column":57}},"18":{"start":{"line":36,"column":22},"end":{"line":38,"column":10}},"19":{"start":{"line":40,"column":8},"end":{"line":40,"column":35}},"20":{"start":{"line":43,"column":6},"end":{"line":43,"column":25}},"21":{"start":{"line":48,"column":0},"end":{"line":51,"column":2}}},"fnMap":{"0":{"name":"(anonymous_0)","decl":{"start":{"line":8,"column":15},"end":{"line":8,"column":16}},"loc":{"start":{"line":8,"column":41},"end":{"line":19,"column":1}},"line":8},"1":{"name":"(anonymous_1)","decl":{"start":{"line":22,"column":14},"end":{"line":22,"column":15}},"loc":{"start":{"line":22,"column":40},"end":{"line":46,"column":1}},"line":22},"2":{"name":"(anonymous_2)","decl":{"start":{"line":23,"column":33},"end":{"line":23,"column":34}},"loc":{"start":{"line":23,"column":60},"end":{"line":45,"column":3}},"line":23},"3":{"name":"(anonymous_3)","decl":{"start":{"line":31,"column":42},"end":{"line":31,"column":43}},"loc":{"start":{"line":31,"column":59},"end":{"line":41,"column":7}},"line":31}},"branchMap":{"0":{"loc":{"start":{"line":10,"column":2},"end":{"line":14,"column":3}},"type":"if","locations":[{"start":{"line":10,"column":2},"end":{"line":14,"column":3}},{"start":{},"end":{}}],"line":10},"1":{"loc":{"start":{"line":25,"column":6},"end":{"line":29,"column":7}},"type":"if","locations":[{"start":{"line":25,"column":6},"end":{"line":29,"column":7}},{"start":{},"end":{}}],"line":25},"2":{"loc":{"start":{"line":25,"column":10},"end":{"line":25,"column":22}},"type":"binary-expr","locations":[{"start":{"line":25,"column":10},"end":{"line":25,"column":13}},{"start":{"line":25,"column":17},"end":{"line":25,"column":22}}],"line":25},"3":{"loc":{"start":{"line":32,"column":8},"end":{"line":33,"column":27}},"type":"if","locations":[{"start":{"line":32,"column":8},"end":{"line":33,"column":27}},{"start":{},"end":{}}],"line":32}},"s":{"0":1,"1":1,"2":1,"3":1,"4":0,"5":0,"6":0,"7":0,"8":1,"9":0,"10":0,"11":0,"12":0,"13":0,"14":0,"15":0,"16":0,"17":0,"18":0,"19":0,"20":0,"21":1},"f":{"0":0,"1":0,"2":0,"3":0},"b":{"0":[0,0],"1":[0,0],"2":[0,0],"3":[0,0]},"_coverageSchema":"1a1c01bbd47fc00a2c39e90264f33305004495a9","hash":"d115ddf3ac0574753562ec75eeae2eadc622af8d"}
,"C:\\Users\\jolu\\Desktop\\Projects\\Blogging-api\\controllers\\blog.controller.js": {"path":"C:\\Users\\jolu\\Desktop\\Projects\\Blogging-api\\controllers\\blog.controller.js","statementMap":{"0":{"start":{"line":1,"column":17},"end":{"line":1,"column":48}},"1":{"start":{"line":2,"column":17},"end":{"line":2,"column":48}},"2":{"start":{"line":6,"column":19},"end":{"line":28,"column":1}},"3":{"start":{"line":7,"column":15},"end":{"line":7,"column":23}},"4":{"start":{"line":8,"column":15},"end":{"line":8,"column":47}},"5":{"start":{"line":10,"column":18},"end":{"line":18,"column":4}},"6":{"start":{"line":20,"column":20},"end":{"line":20,"column":40}},"7":{"start":{"line":21,"column":2},"end":{"line":21,"column":47}},"8":{"start":{"line":22,"column":2},"end":{"line":22,"column":19}},"9":{"start":{"line":25,"column":2},"end":{"line":26,"column":37}},"10":{"start":{"line":31,"column":16},"end":{"line":43,"column":1}},"11":{"start":{"line":32,"column":17},"end":{"line":32,"column":27}},"12":{"start":{"line":33,"column":15},"end":{"line":33,"column":38}},"13":{"start":{"line":35,"column":2},"end":{"line":37,"column":3}},"14":{"start":{"line":36,"column":4},"end":{"line":36,"column":63}},"15":{"start":{"line":39,"column":2},"end":{"line":39,"column":19}},"16":{"start":{"line":40,"column":2},"end":{"line":40,"column":20}},"17":{"start":{"line":42,"column":2},"end":{"line":42,"column":42}},"18":{"start":{"line":46,"column":20},"end":{"line":77,"column":1}},"19":{"start":{"line":47,"column":20},"end":{"line":47,"column":23}},"20":{"start":{"line":48,"column":59},"end":{"line":48,"column":64}},"21":{"start":{"line":70,"column":19},"end":{"line":73,"column":18}},"22":{"start":{"line":76,"column":2},"end":{"line":76,"column":58}},"23":{"start":{"line":79,"column":19},"end":{"line":100,"column":1}},"24":{"start":{"line":80,"column":17},"end":{"line":80,"column":27}},"25":{"start":{"line":81,"column":20},"end":{"line":81,"column":28}},"26":{"start":{"line":83,"column":15},"end":{"line":83,"column":38}},"27":{"start":{"line":85,"column":2},"end":{"line":87,"column":3}},"28":{"start":{"line":86,"column":4},"end":{"line":86,"column":63}},"29":{"start":{"line":89,"column":2},"end":{"line":93,"column":3}},"30":{"start":{"line":90,"column":4},"end":{"line":92,"column":72}},"31":{"start":{"line":95,"column":2},"end":{"line":95,"column":21}},"32":{"start":{"line":97,"column":2},"end":{"line":97,"column":20}},"33":{"start":{"line":99,"column":2},"end":{"line":99,"column":42}},"34":{"start":{"line":102,"column":19},"end":{"line":108,"column":1}},"35":{"start":{"line":103,"column":17},"end":{"line":103,"column":27}},"36":{"start":{"line":105,"column":15},"end":{"line":105,"column":48}},"37":{"start":{"line":107,"column":2},"end":{"line":107,"column":42}},"38":{"start":{"line":110,"column":0},"end":{"line":116,"column":1}}},"fnMap":{"0":{"name":"(anonymous_0)","decl":{"start":{"line":6,"column":19},"end":{"line":6,"column":20}},"loc":{"start":{"line":6,"column":45},"end":{"line":28,"column":1}},"line":6},"1":{"name":"(anonymous_1)","decl":{"start":{"line":31,"column":16},"end":{"line":31,"column":17}},"loc":{"start":{"line":31,"column":36},"end":{"line":43,"column":1}},"line":31},"2":{"name":"(anonymous_2)","decl":{"start":{"line":46,"column":20},"end":{"line":46,"column":21}},"loc":{"start":{"line":46,"column":40},"end":{"line":77,"column":1}},"line":46},"3":{"name":"(anonymous_3)","decl":{"start":{"line":79,"column":19},"end":{"line":79,"column":20}},"loc":{"start":{"line":79,"column":39},"end":{"line":100,"column":1}},"line":79},"4":{"name":"(anonymous_4)","decl":{"start":{"line":102,"column":19},"end":{"line":102,"column":20}},"loc":{"start":{"line":102,"column":39},"end":{"line":108,"column":1}},"line":102}},"branchMap":{"0":{"loc":{"start":{"line":35,"column":2},"end":{"line":37,"column":3}},"type":"if","locations":[{"start":{"line":35,"column":2},"end":{"line":37,"column":3}},{"start":{},"end":{}}],"line":35},"1":{"loc":{"start":{"line":48,"column":31},"end":{"line":48,"column":39}},"type":"default-arg","locations":[{"start":{"line":48,"column":38},"end":{"line":48,"column":39}}],"line":48},"2":{"loc":{"start":{"line":48,"column":41},"end":{"line":48,"column":54}},"type":"default-arg","locations":[{"start":{"line":48,"column":52},"end":{"line":48,"column":54}}],"line":48},"3":{"loc":{"start":{"line":85,"column":2},"end":{"line":87,"column":3}},"type":"if","locations":[{"start":{"line":85,"column":2},"end":{"line":87,"column":3}},{"start":{},"end":{}}],"line":85},"4":{"loc":{"start":{"line":89,"column":2},"end":{"line":93,"column":3}},"type":"if","locations":[{"start":{"line":89,"column":2},"end":{"line":93,"column":3}},{"start":{},"end":{}}],"line":89}},"s":{"0":1,"1":1,"2":1,"3":0,"4":0,"5":0,"6":0,"7":0,"8":0,"9":0,"10":1,"11":0,"12":0,"13":0,"14":0,"15":0,"16":0,"17":0,"18":1,"19":0,"20":0,"21":0,"22":0,"23":1,"24":0,"25":0,"26":0,"27":0,"28":0,"29":0,"30":0,"31":0,"32":0,"33":0,"34":1,"35":0,"36":0,"37":0,"38":1},"f":{"0":0,"1":0,"2":0,"3":0,"4":0},"b":{"0":[0,0],"1":[0],"2":[0],"3":[0,0],"4":[0,0]},"_coverageSchema":"1a1c01bbd47fc00a2c39e90264f33305004495a9","hash":"8ba9e4ead118d8d952c77e3430a50c49072bcaa1"}
,"C:\\Users\\jolu\\Desktop\\Projects\\Blogging-api\\models\\blog.model.js": {"path":"C:\\Users\\jolu\\Desktop\\Projects\\Blogging-api\\models\\blog.model.js","statementMap":{"0":{"start":{"line":1,"column":17},"end":{"line":1,"column":36}},"1":{"start":{"line":3,"column":15},"end":{"line":3,"column":30}},"2":{"start":{"line":4,"column":17},"end":{"line":4,"column":32}},"3":{"start":{"line":6,"column":19},"end":{"line":22,"column":1}},"4":{"start":{"line":24,"column":13},"end":{"line":24,"column":47}},"5":{"start":{"line":26,"column":0},"end":{"line":26,"column":26}}},"fnMap":{},"branchMap":{},"s":{"0":1,"1":1,"2":1,"3":1,"4":1,"5":1},"f":{},"b":{},"_coverageSchema":"1a1c01bbd47fc00a2c39e90264f33305004495a9","hash":"645a3b33eabf05a065bb166142345e2156bc691c"}
,"C:\\Users\\jolu\\Desktop\\Projects\\Blogging-api\\models\\user.model.js": {"path":"C:\\Users\\jolu\\Desktop\\Projects\\Blogging-api\\models\\user.model.js","statementMap":{"0":{"start":{"line":1,"column":17},"end":{"line":1,"column":36}},"1":{"start":{"line":2,"column":15},"end":{"line":2,"column":32}},"2":{"start":{"line":4,"column":15},"end":{"line":4,"column":30}},"3":{"start":{"line":5,"column":17},"end":{"line":5,"column":32}},"4":{"start":{"line":7,"column":19},"end":{"line":22,"column":1}},"5":{"start":{"line":25,"column":0},"end":{"line":34,"column":2}},"6":{"start":{"line":28,"column":19},"end":{"line":28,"column":23}},"7":{"start":{"line":29,"column":19},"end":{"line":29,"column":55}},"8":{"start":{"line":31,"column":6},"end":{"line":31,"column":27}},"9":{"start":{"line":32,"column":6},"end":{"line":32,"column":13}},"10":{"start":{"line":37,"column":2},"end":{"line":42,"column":1}},"11":{"start":{"line":38,"column":15},"end":{"line":38,"column":19}},"12":{"start":{"line":39,"column":18},"end":{"line":39,"column":63}},"13":{"start":{"line":41,"column":2},"end":{"line":41,"column":17}},"14":{"start":{"line":44,"column":0},"end":{"line":52,"column":2}},"15":{"start":{"line":46,"column":4},"end":{"line":46,"column":53}},"16":{"start":{"line":47,"column":4},"end":{"line":47,"column":29}},"17":{"start":{"line":48,"column":4},"end":{"line":48,"column":29}},"18":{"start":{"line":50,"column":4},"end":{"line":50,"column":34}},"19":{"start":{"line":55,"column":13},"end":{"line":55,"column":47}},"20":{"start":{"line":57,"column":0},"end":{"line":57,"column":22}}},"fnMap":{"0":{"name":"(anonymous_0)","decl":{"start":{"line":27,"column":2},"end":{"line":27,"column":3}},"loc":{"start":{"line":27,"column":24},"end":{"line":33,"column":3}},"line":27},"1":{"name":"(anonymous_1)","decl":{"start":{"line":37,"column":39},"end":{"line":37,"column":40}},"loc":{"start":{"line":37,"column":64},"end":{"line":42,"column":1}},"line":37},"2":{"name":"(anonymous_2)","decl":{"start":{"line":45,"column":13},"end":{"line":45,"column":14}},"loc":{"start":{"line":45,"column":43},"end":{"line":51,"column":3}},"line":45}},"branchMap":{},"s":{"0":1,"1":1,"2":1,"3":1,"4":1,"5":1,"6":0,"7":0,"8":0,"9":0,"10":1,"11":0,"12":0,"13":0,"14":1,"15":0,"16":0,"17":0,"18":0,"19":1,"20":1},"f":{"0":0,"1":0,"2":0},"b":{},"_coverageSchema":"1a1c01bbd47fc00a2c39e90264f33305004495a9","hash":"0ad185913386deb2c88dffb560ad29ec9a7cd4fd"}
,"C:\\Users\\jolu\\Desktop\\Projects\\Blogging-api\\routes\\auth.route.js": {"path":"C:\\Users\\jolu\\Desktop\\Projects\\Blogging-api\\routes\\auth.route.js","statementMap":{"0":{"start":{"line":1,"column":16},"end":{"line":1,"column":34}},"1":{"start":{"line":2,"column":17},"end":{"line":2,"column":36}},"2":{"start":{"line":4,"column":23},"end":{"line":4,"column":64}},"3":{"start":{"line":6,"column":19},"end":{"line":6,"column":35}},"4":{"start":{"line":9,"column":0},"end":{"line":9,"column":103}},"5":{"start":{"line":13,"column":0},"end":{"line":13,"column":49}},"6":{"start":{"line":15,"column":0},"end":{"line":15,"column":28}}},"fnMap":{},"branchMap":{},"s":{"0":1,"1":1,"2":1,"3":1,"4":1,"5":1,"6":1},"f":{},"b":{},"_coverageSchema":"1a1c01bbd47fc00a2c39e90264f33305004495a9","hash":"c0478233c9ee5e99c605e047952b00e95a8ee388"}
,"C:\\Users\\jolu\\Desktop\\Projects\\Blogging-api\\routes\\blog.route.js": {"path":"C:\\Users\\jolu\\Desktop\\Projects\\Blogging-api\\routes\\blog.route.js","statementMap":{"0":{"start":{"line":1,"column":16},"end":{"line":1,"column":34}},"1":{"start":{"line":2,"column":17},"end":{"line":2,"column":36}},"2":{"start":{"line":3,"column":25},"end":{"line":3,"column":66}},"3":{"start":{"line":5,"column":19},"end":{"line":5,"column":35}},"4":{"start":{"line":7,"column":0},"end":{"line":7,"column":98}},"5":{"start":{"line":9,"column":0},"end":{"line":9,"column":46}},"6":{"start":{"line":11,"column":0},"end":{"line":11,"column":47}},"7":{"start":{"line":13,"column":0},"end":{"line":13,"column":102}},"8":{"start":{"line":15,"column":0},"end":{"line":15,"column":52}},"9":{"start":{"line":18,"column":0},"end":{"line":18,"column":28}}},"fnMap":{},"branchMap":{},"s":{"0":1,"1":1,"2":1,"3":1,"4":1,"5":1,"6":1,"7":1,"8":1,"9":1},"f":{},"b":{},"_coverageSchema":"1a1c01bbd47fc00a2c39e90264f33305004495a9","hash":"bb6dfa87406d115ebdbf3f861fa1a28ffed2e499"}
}
